DOMAIN-SUFFIX,1018213540.rsc.cdn77.org
DOMAIN-SUFFIX,2ch.hk
DOMAIN-SUFFIX,2ch.life
DOMAIN-SUFFIX,2ch.org
DOMAIN-SUFFIX,3ds-secure-payment.com
DOMAIN-SUFFIX,4epenaxa.com
DOMAIN-SUFFIX,4meeting.me
DOMAIN-SUFFIX,5post.market
DOMAIN-SUFFIX,abchina.com
DOMAIN-SUFFIX,absolutbank.com
DOMAIN-SUFFIX,aihome.dev
DOMAIN-SUFFIX,aksyuterian.com
DOMAIN-SUFFIX,alefbank.com
DOMAIN-SUFFIX,alfa-bank.biz
DOMAIN-SUFFIX,alfa-bank.com
DOMAIN-SUFFIX,alfa-bank.financial
DOMAIN-SUFFIX,alfa-bank.info
DOMAIN-SUFFIX,alfa-bank.net
DOMAIN-SUFFIX,alfa-bank.org
DOMAIN-SUFFIX,alfa-finance.com
DOMAIN-SUFFIX,alfa-fx.com
DOMAIN-SUFFIX,alfa-pc.com
DOMAIN-SUFFIX,alfa-usa.com
DOMAIN-SUFFIX,alfa.bank
DOMAIN-SUFFIX,alfa.click
DOMAIN-SUFFIX,alfa.link
DOMAIN-SUFFIX,alfa.me
DOMAIN-SUFFIX,alfabank.biz
DOMAIN-SUFFIX,alfabank.com
DOMAIN-SUFFIX,alfabank.financial
DOMAIN-SUFFIX,alfabank.in
DOMAIN-SUFFIX,alfabank.org
DOMAIN-SUFFIX,alfabank.st
DOMAIN-SUFFIX,alfabank.tv
DOMAIN-SUFFIX,alfafinance.biz
DOMAIN-SUFFIX,alfafuture.com
DOMAIN-SUFFIX,alfafx.com
DOMAIN-SUFFIX,alfaprivate.com
DOMAIN-SUFFIX,alformacap.com
DOMAIN-SUFFIX,alformacapital.com
DOMAIN-SUFFIX,altynbank.com
DOMAIN-SUFFIX,astrasend.net
DOMAIN-SUFFIX,avito.st
DOMAIN-SUFFIX,baltinvestbank.com
DOMAIN-SUFFIX,bank131.com
DOMAIN-SUFFIX,bankonline.center
DOMAIN-SUFFIX,beta-bank.com
DOMAIN-SUFFIX,billapp.org
DOMAIN-SUFFIX,bitrix.info
DOMAIN-SUFFIX,bonus-card.ml
DOMAIN-SUFFIX,boosty.to
DOMAIN-SUFFIX,careeny.xyz
DOMAIN-SUFFIX,careery.xyz
DOMAIN-SUFFIX,ccb.com
DOMAIN-SUFFIX,chizhik.club
DOMAIN-SUFFIX,cloudpayments.world
DOMAIN-SUFFIX,coloradogrowers.com
DOMAIN-SUFFIX,corona-perevod.com
DOMAIN-SUFFIX,coronaperevod.com
DOMAIN-SUFFIX,creditdevelopment.pro
DOMAIN-SUFFIX,dodois.com
DOMAIN-SUFFIX,dodois.io
DOMAIN-SUFFIX,dodopizza.com
DOMAIN-SUFFIX,dodostatic.net
DOMAIN-SUFFIX,doktor.kr
DOMAIN-SUFFIX,donationalerts.com
DOMAIN-SUFFIX,dorenko.tv
DOMAIN-SUFFIX,drivercard.site
DOMAIN-SUFFIX,drweb-av.de
DOMAIN-SUFFIX,drweb-av.es
DOMAIN-SUFFIX,drweb-av.it
DOMAIN-SUFFIX,drweb-av.pl
DOMAIN-SUFFIX,drweb.by
DOMAIN-SUFFIX,drweb.cn
DOMAIN-SUFFIX,drweb.co.jp
DOMAIN-SUFFIX,drweb.com
DOMAIN-SUFFIX,drweb.fr
DOMAIN-SUFFIX,drweb.kz
DOMAIN-SUFFIX,drweb.uz
DOMAIN-SUFFIX,eginvestments.net
DOMAIN-SUFFIX,eleksir.finance
DOMAIN-SUFFIX,emias.info
DOMAIN-SUFFIX,energotransbank.com
DOMAIN-SUFFIX,er-fin.com
DOMAIN-SUFFIX,finsb.com
DOMAIN-SUFFIX,fix-price.com
DOMAIN-SUFFIX,four-seasons.group
DOMAIN-SUFFIX,gazprombank.tech
DOMAIN-SUFFIX,granat.az
DOMAIN-SUFFIX,halva.email
DOMAIN-SUFFIX,halva.energy
DOMAIN-SUFFIX,halva.im
DOMAIN-SUFFIX,halva.promo
DOMAIN-SUFFIX,halva.tel
DOMAIN-SUFFIX,home.bank
DOMAIN-SUFFIX,hva.im
DOMAIN-SUFFIX,investalfabank.com
DOMAIN-SUFFIX,investlaboratory.com
DOMAIN-SUFFIX,jump.finance
DOMAIN-SUFFIX,kamkombank.pro
DOMAIN-SUFFIX,kaspersky-labs.com
DOMAIN-SUFFIX,kaspersky.be
DOMAIN-SUFFIX,kaspersky.ca
DOMAIN-SUFFIX,kaspersky.co.in
DOMAIN-SUFFIX,kaspersky.co.jp
DOMAIN-SUFFIX,kaspersky.co.kr
DOMAIN-SUFFIX,kaspersky.co.th
DOMAIN-SUFFIX,kaspersky.co.uk
DOMAIN-SUFFIX,kaspersky.co.za
DOMAIN-SUFFIX,kaspersky.com
DOMAIN-SUFFIX,kaspersky.com.au
DOMAIN-SUFFIX,kaspersky.com.br
DOMAIN-SUFFIX,kaspersky.com.cn
DOMAIN-SUFFIX,kaspersky.com.hk
DOMAIN-SUFFIX,kaspersky.com.pl
DOMAIN-SUFFIX,kaspersky.com.tr
DOMAIN-SUFFIX,kaspersky.com.tw
DOMAIN-SUFFIX,kaspersky.com.vn
DOMAIN-SUFFIX,kaspersky.cz
DOMAIN-SUFFIX,kaspersky.de
DOMAIN-SUFFIX,kaspersky.dk
DOMAIN-SUFFIX,kaspersky.dz
DOMAIN-SUFFIX,kaspersky.es
DOMAIN-SUFFIX,kaspersky.fi
DOMAIN-SUFFIX,kaspersky.fr
DOMAIN-SUFFIX,kaspersky.gr
DOMAIN-SUFFIX,kaspersky.it
DOMAIN-SUFFIX,kaspersky.kz
DOMAIN-SUFFIX,kaspersky.ma
DOMAIN-SUFFIX,kaspersky.my
DOMAIN-SUFFIX,kaspersky.nl
DOMAIN-SUFFIX,kaspersky.pt
DOMAIN-SUFFIX,kaspersky.ro
DOMAIN-SUFFIX,kaspersky.rs
DOMAIN-SUFFIX,kaspersky.se
DOMAIN-SUFFIX,kinopoisk-ru.clstorage.net
DOMAIN-SUFFIX,kk.bank
DOMAIN-SUFFIX,korona-perevod.com
DOMAIN-SUFFIX,korona.com
DOMAIN-SUFFIX,koronapay.com
DOMAIN-SUFFIX,koronaperevod.com
DOMAIN-SUFFIX,koshelek.app
DOMAIN-SUFFIX,kuban-credit.biz
DOMAIN-SUFFIX,kuban-credit.com
DOMAIN-SUFFIX,kuban-credit.net
DOMAIN-SUFFIX,kuban-kredit.biz
DOMAIN-SUFFIX,kuban-kredit.com
DOMAIN-SUFFIX,kuban-kredit.net
DOMAIN-SUFFIX,kuban.credit
DOMAIN-SUFFIX,kubancredit.biz
DOMAIN-SUFFIX,kubancredit.com
DOMAIN-SUFFIX,kubancredit.net
DOMAIN-SUFFIX,kubankredit.biz
DOMAIN-SUFFIX,kubankredit.com
DOMAIN-SUFFIX,kubankredit.net
DOMAIN-SUFFIX,lead-pro2023.online
DOMAIN-SUFFIX,lenta.com
DOMAIN-SUFFIX,lenta.tech
DOMAIN-SUFFIX,locko-bank.info
DOMAIN-SUFFIX,maritimebank.com
DOMAIN-SUFFIX,memealerts.com
DOMAIN-SUFFIX,miya-news.online
DOMAIN-SUFFIX,mizuhogroup.com
DOMAIN-SUFFIX,moscow
DOMAIN-SUFFIX,mosmetro.tech
DOMAIN-SUFFIX,mradx.net
DOMAIN-SUFFIX,mufg.jp
DOMAIN-SUFFIX,mvk.com
DOMAIN-SUFFIX,mycdn.me
DOMAIN-SUFFIX,nasporte.life
DOMAIN-SUFFIX,nasporte.pro
DOMAIN-SUFFIX,nationalclearingcenter.com
DOMAIN-SUFFIX,nationalclearingcentre.com
DOMAIN-SUFFIX,naydex.net
DOMAIN-SUFFIX,ncc-qccp.com
DOMAIN-SUFFIX,ngenix.net
DOMAIN-SUFFIX,noda.finance
DOMAIN-SUFFIX,oidconnect.com
DOMAIN-SUFFIX,okko.sport
DOMAIN-SUFFIX,okko.tv
DOMAIN-SUFFIX,okolo.app
DOMAIN-SUFFIX,ozonusercontent.com
DOMAIN-SUFFIX,paywb.com
DOMAIN-SUFFIX,perekrestok.com
DOMAIN-SUFFIX,perevod-korona.biz
DOMAIN-SUFFIX,perevod-korona.info
DOMAIN-SUFFIX,perevod-korona.org
DOMAIN-SUFFIX,perevod-korona.pro
DOMAIN-SUFFIX,perevodkorona.com
DOMAIN-SUFFIX,polly.events
DOMAIN-SUFFIX,posl-t.org
DOMAIN-SUFFIX,priovtb.com
DOMAIN-SUFFIX,probank.pro
DOMAIN-SUFFIX,procombank.com
DOMAIN-SUFFIX,prostobank.online
DOMAIN-SUFFIX,psk
DOMAIN-SUFFIX,pskb.com
DOMAIN-SUFFIX,pvubank.com
DOMAIN-SUFFIX,restream-media.net
DOMAIN-SUFFIX,roscap.com
DOMAIN-SUFFIX,rostaxi.org
DOMAIN-SUFFIX,rshb.pro
DOMAIN-SUFFIX,ru
DOMAIN-SUFFIX,ru.com
DOMAIN-SUFFIX,ru.net
DOMAIN-SUFFIX,rusagrobank.com
DOMAIN-SUFFIX,russiacalling.com
DOMAIN-SUFFIX,sber-impulse.com
DOMAIN-SUFFIX,sber.cfd
DOMAIN-SUFFIX,sber.cn
DOMAIN-SUFFIX,sber.me
DOMAIN-SUFFIX,sber.pro
DOMAIN-SUFFIX,sber.sbs
DOMAIN-SUFFIX,sber.world
DOMAIN-SUFFIX,sber.ws
DOMAIN-SUFFIX,sberanalytics.com
DOMAIN-SUFFIX,sberbank-cib.com
DOMAIN-SUFFIX,sberbank-pb.com
DOMAIN-SUFFIX,sberbank.co.in
DOMAIN-SUFFIX,sberbank.com
DOMAIN-SUFFIX,sberbankinvestmentresearch.com
DOMAIN-SUFFIX,sberbusiness.live
DOMAIN-SUFFIX,sbercoin.com
DOMAIN-SUFFIX,sberdocs.com
DOMAIN-SUFFIX,sberfinance.net
DOMAIN-SUFFIX,sberimpulse.com
DOMAIN-SUFFIX,sberlabs.com
DOMAIN-SUFFIX,sberpay.vip
DOMAIN-SUFFIX,sberpravo.info
DOMAIN-SUFFIX,sberpravo.tech
DOMAIN-SUFFIX,sbruss.store
DOMAIN-SUFFIX,scb.im
DOMAIN-SUFFIX,securetpayment.com
DOMAIN-SUFFIX,senat.cloud
DOMAIN-SUFFIX,showip.net
DOMAIN-SUFFIX,slavia-bank.com
DOMAIN-SUFFIX,slaviabank.com
DOMAIN-SUFFIX,smart-cards.pro
DOMAIN-SUFFIX,smsemailstats.com
DOMAIN-SUFFIX,sovcombank.business
DOMAIN-SUFFIX,sovcombank.com
DOMAIN-SUFFIX,sovcombank.credit
DOMAIN-SUFFIX,sovcombank.info
DOMAIN-SUFFIX,spbbank.com
DOMAIN-SUFFIX,su
DOMAIN-SUFFIX,svoy.academy
DOMAIN-SUFFIX,svy59w.shop
DOMAIN-SUFFIX,t-atm.org
DOMAIN-SUFFIX,t-avia.org
DOMAIN-SUFFIX,t-capy.org
DOMAIN-SUFFIX,t-gorod.org
DOMAIN-SUFFIX,t-tps.org
DOMAIN-SUFFIX,t.finance
DOMAIN-SUFFIX,tamtam.chat
DOMAIN-SUFFIX,tatar
DOMAIN-SUFFIX,taxsee.com
DOMAIN-SUFFIX,tbank-online.com
DOMAIN-SUFFIX,tbankjob.site
DOMAIN-SUFFIX,therussiaforum.com
DOMAIN-SUFFIX,tinkoff-anketa.site
DOMAIN-SUFFIX,tinkoff-digital.com
DOMAIN-SUFFIX,tinkoff-group.com
DOMAIN-SUFFIX,tinkoff-osago.tk
DOMAIN-SUFFIX,tinkoff.ai
DOMAIN-SUFFIX,tinkoff.biz
DOMAIN-SUFFIX,tinkoff.cc
DOMAIN-SUFFIX,tinkoff.cloud
DOMAIN-SUFFIX,tinkoff.cr
DOMAIN-SUFFIX,tinkoff.do
DOMAIN-SUFFIX,tinkoff.link
DOMAIN-SUFFIX,tinkoff.sg
DOMAIN-SUFFIX,tinkoff.tech
DOMAIN-SUFFIX,tinkoffdigital.com
DOMAIN-SUFFIX,tinkoffgroup.com
DOMAIN-SUFFIX,tinkoffip.site
DOMAIN-SUFFIX,tinkoffmobile.com
DOMAIN-SUFFIX,tinkoffreg.site
DOMAIN-SUFFIX,tlnkof.xyz
DOMAIN-SUFFIX,tlnkoff-open.xyz
DOMAIN-SUFFIX,tochka.com
DOMAIN-SUFFIX,topcards.pro
DOMAIN-SUFFIX,topdeposit.pro
DOMAIN-SUFFIX,trbcdn.net
DOMAIN-SUFFIX,turbopages.org
DOMAIN-SUFFIX,tynkoff.cc
DOMAIN-SUFFIX,ubs.com
DOMAIN-SUFFIX,uni.rest
DOMAIN-SUFFIX,unirest.tech
DOMAIN-SUFFIX,unistream.com
DOMAIN-SUFFIX,userapi.com
DOMAIN-SUFFIX,vakobank.com
DOMAIN-SUFFIX,vk-apps.com
DOMAIN-SUFFIX,vk-cdn.me
DOMAIN-SUFFIX,vk-cdn.net
DOMAIN-SUFFIX,vk-portal.net
DOMAIN-SUFFIX,vk.cc
DOMAIN-SUFFIX,vk.com
DOMAIN-SUFFIX,vk.company
DOMAIN-SUFFIX,vk.design
DOMAIN-SUFFIX,vk.link
DOMAIN-SUFFIX,vk.me
DOMAIN-SUFFIX,vk.team
DOMAIN-SUFFIX,vkcache.com
DOMAIN-SUFFIX,vkgo.app
DOMAIN-SUFFIX,vklive.app
DOMAIN-SUFFIX,vkmessenger.app
DOMAIN-SUFFIX,vkmessenger.com
DOMAIN-SUFFIX,vkuser.net
DOMAIN-SUFFIX,vkuseraudio.com
DOMAIN-SUFFIX,vkuseraudio.net
DOMAIN-SUFFIX,vkuserlive.net
DOMAIN-SUFFIX,vkuservideo.com
DOMAIN-SUFFIX,vkuservideo.net
DOMAIN-SUFFIX,vozvratnalogov.online
DOMAIN-SUFFIX,vtb-direct.com
DOMAIN-SUFFIX,vtb-russia.com
DOMAIN-SUFFIX,vtb.com
DOMAIN-SUFFIX,vtb.digital
DOMAIN-SUFFIX,vtb.promo
DOMAIN-SUFFIX,vtb24.com
DOMAIN-SUFFIX,vtbcareer.com
DOMAIN-SUFFIX,vtbglobalperspectives.com
DOMAIN-SUFFIX,vtbindia.com
DOMAIN-SUFFIX,vtbkep.site
DOMAIN-SUFFIX,vtbpartners.com
DOMAIN-SUFFIX,vtbrussia.com
DOMAIN-SUFFIX,webvisor.com
DOMAIN-SUFFIX,webvisor.org
DOMAIN-SUFFIX,womba-t.org
DOMAIN-SUFFIX,x5.ai
DOMAIN-SUFFIX,x5.com
DOMAIN-SUFFIX,x5.digital
DOMAIN-SUFFIX,x5.group
DOMAIN-SUFFIX,x5.media
DOMAIN-SUFFIX,x5.team
DOMAIN-SUFFIX,x5.tech
DOMAIN-SUFFIX,x5static.net
DOMAIN-SUFFIX,xn----7sbcoetidz6azac4j.com
DOMAIN-SUFFIX,xn----7sbcoetidz6azac4j.net
DOMAIN-SUFFIX,xn--80abkdqhcx2axc5i.com
DOMAIN-SUFFIX,xn--80adxhks
DOMAIN-SUFFIX,xn--80asehdb
DOMAIN-SUFFIX,xn--80aswg
DOMAIN-SUFFIX,xn--90aifd0aza.site
DOMAIN-SUFFIX,xn--c1avg
DOMAIN-SUFFIX,xn--d1acj3b
DOMAIN-SUFFIX,xn--p1acf
DOMAIN-SUFFIX,xn--p1ai
DOMAIN-SUFFIX,yads.tech
DOMAIN-SUFFIX,yandex
DOMAIN-SUFFIX,yandex-bank.net
DOMAIN-SUFFIX,yandex-images.clstorage.net
DOMAIN-SUFFIX,yandex.aero
DOMAIN-SUFFIX,yandex.az
DOMAIN-SUFFIX,yandex.by
DOMAIN-SUFFIX,yandex.cloud
DOMAIN-SUFFIX,yandex.co.il
DOMAIN-SUFFIX,yandex.com
DOMAIN-SUFFIX,yandex.com.am
DOMAIN-SUFFIX,yandex.com.ge
DOMAIN-SUFFIX,yandex.com.tr
DOMAIN-SUFFIX,yandex.com.ua
DOMAIN-SUFFIX,yandex.de
DOMAIN-SUFFIX,yandex.ee
DOMAIN-SUFFIX,yandex.eu
DOMAIN-SUFFIX,yandex.fi
DOMAIN-SUFFIX,yandex.fr
DOMAIN-SUFFIX,yandex.jobs
DOMAIN-SUFFIX,yandex.kg
DOMAIN-SUFFIX,yandex.kz
DOMAIN-SUFFIX,yandex.lt
DOMAIN-SUFFIX,yandex.lv
DOMAIN-SUFFIX,yandex.md
DOMAIN-SUFFIX,yandex.net
DOMAIN-SUFFIX,yandex.org
DOMAIN-SUFFIX,yandex.pl
DOMAIN-SUFFIX,yandex.st
DOMAIN-SUFFIX,yandex.sx
DOMAIN-SUFFIX,yandex.tj
DOMAIN-SUFFIX,yandex.tm
DOMAIN-SUFFIX,yandex.tr
DOMAIN-SUFFIX,yandex.ua
DOMAIN-SUFFIX,yandex.uz
DOMAIN-SUFFIX,yandexadexchange.net
DOMAIN-SUFFIX,yandexcloud.net
DOMAIN-SUFFIX,yandexcom.net
DOMAIN-SUFFIX,yandexmetrica.com
DOMAIN-SUFFIX,yandexwebcache.org
DOMAIN-SUFFIX,yastat.net
DOMAIN-SUFFIX,yastatic.net
DOMAIN-SUFFIX,za-group.net
